{"C:\\Users\\mahlet\\Desktop\\fullstack\\testing-and-debugging-ensuring-mern-app-reliability-mahlet-berhe\\backend\\src\\app.js": {"path":"C:\\Users\\mahlet\\Desktop\\fullstack\\testing-and-debugging-ensuring-mern-app-reliability-mahlet-berhe\\backend\\src\\app.js","statementMap":{"0":{"start":{"line":1,"column":16},"end":{"line":1,"column":34}},"1":{"start":{"line":2,"column":13},"end":{"line":2,"column":28}},"2":{"start":{"line":3,"column":20},"end":{"line":3,"column":45}},"3":{"start":{"line":5,"column":12},"end":{"line":5,"column":21}},"4":{"start":{"line":6,"column":0},"end":{"line":6,"column":16}},"5":{"start":{"line":7,"column":0},"end":{"line":7,"column":24}},"6":{"start":{"line":9,"column":0},"end":{"line":9,"column":35}},"7":{"start":{"line":11,"column":0},"end":{"line":13,"column":3}},"8":{"start":{"line":12,"column":2},"end":{"line":12,"column":34}},"9":{"start":{"line":15,"column":0},"end":{"line":15,"column":21}}},"fnMap":{"0":{"name":"(anonymous_0)","decl":{"start":{"line":11,"column":13},"end":{"line":11,"column":14}},"loc":{"start":{"line":11,"column":27},"end":{"line":13,"column":1}},"line":11}},"branchMap":{},"s":{"0":1,"1":1,"2":1,"3":1,"4":1,"5":1,"6":1,"7":1,"8":0,"9":1},"f":{"0":0},"b":{},"_coverageSchema":"1a1c01bbd47fc00a2c39e90264f33305004495a9","hash":"6da36e2318e6777df852b8b95cdf9e7084433f8d"}
,"C:\\Users\\mahlet\\Desktop\\fullstack\\testing-and-debugging-ensuring-mern-app-reliability-mahlet-berhe\\backend\\src\\models\\Post.js": {"path":"C:\\Users\\mahlet\\Desktop\\fullstack\\testing-and-debugging-ensuring-mern-app-reliability-mahlet-berhe\\backend\\src\\models\\Post.js","statementMap":{"0":{"start":{"line":1,"column":17},"end":{"line":1,"column":36}},"1":{"start":{"line":3,"column":19},"end":{"line":9,"column":2}},"2":{"start":{"line":11,"column":0},"end":{"line":11,"column":52}}},"fnMap":{},"branchMap":{},"s":{"0":1,"1":1,"2":1},"f":{},"b":{},"_coverageSchema":"1a1c01bbd47fc00a2c39e90264f33305004495a9","hash":"01245dabe29030927b6ceca60590375a10bd5607"}
,"C:\\Users\\mahlet\\Desktop\\fullstack\\testing-and-debugging-ensuring-mern-app-reliability-mahlet-berhe\\backend\\src\\models\\User.js": {"path":"C:\\Users\\mahlet\\Desktop\\fullstack\\testing-and-debugging-ensuring-mern-app-reliability-mahlet-berhe\\backend\\src\\models\\User.js","statementMap":{"0":{"start":{"line":1,"column":17},"end":{"line":1,"column":36}},"1":{"start":{"line":3,"column":19},"end":{"line":7,"column":2}},"2":{"start":{"line":9,"column":0},"end":{"line":9,"column":52}}},"fnMap":{},"branchMap":{},"s":{"0":1,"1":1,"2":1},"f":{},"b":{},"_coverageSchema":"1a1c01bbd47fc00a2c39e90264f33305004495a9","hash":"2b6eec6c79e7006a8ac83d8566f94b8d5d040676"}
,"C:\\Users\\mahlet\\Desktop\\fullstack\\testing-and-debugging-ensuring-mern-app-reliability-mahlet-berhe\\backend\\src\\routes\\posts.js": {"path":"C:\\Users\\mahlet\\Desktop\\fullstack\\testing-and-debugging-ensuring-mern-app-reliability-mahlet-berhe\\backend\\src\\routes\\posts.js","statementMap":{"0":{"start":{"line":1,"column":16},"end":{"line":1,"column":34}},"1":{"start":{"line":2,"column":13},"end":{"line":2,"column":38}},"2":{"start":{"line":4,"column":15},"end":{"line":4,"column":31}},"3":{"start":{"line":7,"column":0},"end":{"line":20,"column":3}},"4":{"start":{"line":8,"column":2},"end":{"line":19,"column":3}},"5":{"start":{"line":9,"column":47},"end":{"line":9,"column":56}},"6":{"start":{"line":10,"column":19},"end":{"line":10,"column":47}},"7":{"start":{"line":12,"column":18},"end":{"line":14,"column":27}},"8":{"start":{"line":16,"column":4},"end":{"line":16,"column":20}},"9":{"start":{"line":18,"column":4},"end":{"line":18,"column":52}},"10":{"start":{"line":23,"column":0},"end":{"line":31,"column":3}},"11":{"start":{"line":24,"column":2},"end":{"line":30,"column":3}},"12":{"start":{"line":25,"column":17},"end":{"line":25,"column":51}},"13":{"start":{"line":26,"column":4},"end":{"line":26,"column":67}},"14":{"start":{"line":26,"column":15},"end":{"line":26,"column":67}},"15":{"start":{"line":27,"column":4},"end":{"line":27,"column":19}},"16":{"start":{"line":29,"column":4},"end":{"line":29,"column":50}},"17":{"start":{"line":34,"column":0},"end":{"line":45,"column":3}},"18":{"start":{"line":35,"column":2},"end":{"line":44,"column":3}},"19":{"start":{"line":36,"column":55},"end":{"line":36,"column":63}},"20":{"start":{"line":37,"column":4},"end":{"line":39,"column":5}},"21":{"start":{"line":38,"column":6},"end":{"line":38,"column":66}},"22":{"start":{"line":40,"column":17},"end":{"line":40,"column":78}},"23":{"start":{"line":41,"column":4},"end":{"line":41,"column":31}},"24":{"start":{"line":43,"column":4},"end":{"line":43,"column":52}},"25":{"start":{"line":48,"column":0},"end":{"line":56,"column":3}},"26":{"start":{"line":49,"column":2},"end":{"line":55,"column":3}},"27":{"start":{"line":50,"column":17},"end":{"line":50,"column":85}},"28":{"start":{"line":51,"column":4},"end":{"line":51,"column":67}},"29":{"start":{"line":51,"column":15},"end":{"line":51,"column":67}},"30":{"start":{"line":52,"column":4},"end":{"line":52,"column":19}},"31":{"start":{"line":54,"column":4},"end":{"line":54,"column":50}},"32":{"start":{"line":59,"column":0},"end":{"line":67,"column":3}},"33":{"start":{"line":60,"column":2},"end":{"line":66,"column":3}},"34":{"start":{"line":61,"column":17},"end":{"line":61,"column":60}},"35":{"start":{"line":62,"column":4},"end":{"line":62,"column":67}},"36":{"start":{"line":62,"column":15},"end":{"line":62,"column":67}},"37":{"start":{"line":63,"column":4},"end":{"line":63,"column":37}},"38":{"start":{"line":65,"column":4},"end":{"line":65,"column":50}},"39":{"start":{"line":69,"column":0},"end":{"line":69,"column":24}}},"fnMap":{"0":{"name":"(anonymous_0)","decl":{"start":{"line":7,"column":16},"end":{"line":7,"column":17}},"loc":{"start":{"line":7,"column":36},"end":{"line":20,"column":1}},"line":7},"1":{"name":"(anonymous_1)","decl":{"start":{"line":23,"column":19},"end":{"line":23,"column":20}},"loc":{"start":{"line":23,"column":39},"end":{"line":31,"column":1}},"line":23},"2":{"name":"(anonymous_2)","decl":{"start":{"line":34,"column":17},"end":{"line":34,"column":18}},"loc":{"start":{"line":34,"column":37},"end":{"line":45,"column":1}},"line":34},"3":{"name":"(anonymous_3)","decl":{"start":{"line":48,"column":19},"end":{"line":48,"column":20}},"loc":{"start":{"line":48,"column":39},"end":{"line":56,"column":1}},"line":48},"4":{"name":"(anonymous_4)","decl":{"start":{"line":59,"column":22},"end":{"line":59,"column":23}},"loc":{"start":{"line":59,"column":42},"end":{"line":67,"column":1}},"line":59}},"branchMap":{"0":{"loc":{"start":{"line":9,"column":22},"end":{"line":9,"column":30}},"type":"default-arg","locations":[{"start":{"line":9,"column":29},"end":{"line":9,"column":30}}],"line":9},"1":{"loc":{"start":{"line":9,"column":32},"end":{"line":9,"column":42}},"type":"default-arg","locations":[{"start":{"line":9,"column":40},"end":{"line":9,"column":42}}],"line":9},"2":{"loc":{"start":{"line":10,"column":19},"end":{"line":10,"column":47}},"type":"cond-expr","locations":[{"start":{"line":10,"column":30},"end":{"line":10,"column":42}},{"start":{"line":10,"column":45},"end":{"line":10,"column":47}}],"line":10},"3":{"loc":{"start":{"line":26,"column":4},"end":{"line":26,"column":67}},"type":"if","locations":[{"start":{"line":26,"column":4},"end":{"line":26,"column":67}},{"start":{},"end":{}}],"line":26},"4":{"loc":{"start":{"line":37,"column":4},"end":{"line":39,"column":5}},"type":"if","locations":[{"start":{"line":37,"column":4},"end":{"line":39,"column":5}},{"start":{},"end":{}}],"line":37},"5":{"loc":{"start":{"line":37,"column":8},"end":{"line":37,"column":26}},"type":"binary-expr","locations":[{"start":{"line":37,"column":8},"end":{"line":37,"column":14}},{"start":{"line":37,"column":18},"end":{"line":37,"column":26}}],"line":37},"6":{"loc":{"start":{"line":51,"column":4},"end":{"line":51,"column":67}},"type":"if","locations":[{"start":{"line":51,"column":4},"end":{"line":51,"column":67}},{"start":{},"end":{}}],"line":51},"7":{"loc":{"start":{"line":62,"column":4},"end":{"line":62,"column":67}},"type":"if","locations":[{"start":{"line":62,"column":4},"end":{"line":62,"column":67}},{"start":{},"end":{}}],"line":62}},"s":{"0":1,"1":1,"2":1,"3":1,"4":4,"5":4,"6":4,"7":4,"8":4,"9":0,"10":1,"11":2,"12":2,"13":2,"14":1,"15":1,"16":0,"17":1,"18":2,"19":2,"20":2,"21":1,"22":1,"23":1,"24":0,"25":1,"26":1,"27":1,"28":1,"29":0,"30":1,"31":0,"32":1,"33":1,"34":1,"35":1,"36":0,"37":1,"38":0,"39":1},"f":{"0":4,"1":2,"2":2,"3":1,"4":1},"b":{"0":[2],"1":[2],"2":[1,3],"3":[1,1],"4":[1,1],"5":[2,1],"6":[0,1],"7":[0,1]},"_coverageSchema":"1a1c01bbd47fc00a2c39e90264f33305004495a9","hash":"1774c627bd50f18660c8efecda7013a53d88e496"}
}
